Handling lib "i2c"...
Handling lib "rpc-uart"...
Handling lib "rpc-service-config"...
Handling lib "zz_boards"...
Handling lib "http-server"...
Handling lib "wifi-setup-web-ui"...
Handling lib "atca"...
Handling lib "blynk"...
Handling lib "wifi"...
Handling lib "core"...
Handling lib "rpc-service-i2c"...
Handling lib "ca-bundle"...
Handling lib "rpc-service-fs"...
Handling lib "rpc-service-atca"...
wifi-setup-web-ui: Checking out 2.10.2...
core: Checking out 2.10.2...
rpc-uart: Checking out 2.10.2...
i2c: Checking out 2.10.2...
blynk: Checking out 2.10.2...
http-server: Checking out 2.10.2...
wifi: Checking out 2.10.2...
ca-bundle: Checking out 2.10.2...
rpc-service-fs: Checking out 2.10.2...
zz_boards: Checking out 2.10.2...
atca: Checking out 2.10.2...
rpc-service-atca: Checking out 2.10.2...
rpc-service-config: Checking out 2.10.2...
rpc-service-i2c: Checking out 2.10.2...
wifi-setup-web-ui: Done, hash 959c130d239b784d883c6e9326dfe15ba58de7f6
blynk: Done, hash 33bcc8de920f030c074e6aee5bac0cbfec67036e
http-server: Done, hash 3854855a6342a1faed05a9c3511b93d3dc8d5389
ca-bundle: Done, hash d5a470b260e3485660ffed6b5b1c7c961bd2b88c
wifi: Done, hash 211ba0056f7155fa977c901ac6a1b1f38d539b15
rpc-service-fs: Done, hash d51b3684c361cd0e5ebdfe456b6dacaeae17155e
zz_boards: Done, hash a8289a4815cba51f2c779037137960191c224db3
atca: Done, hash df2bbaf0d1279ab104459bbadf1477daf4b39e08
rpc-service-config: Done, hash 8ceacef143f63104bf6b2ee2842358edf04bcce0
rpc-service-atca: Done, hash d971678a491187c9d0338a1a55cb7af7af0be0c7
core: Done, hash b713e39aa2828bcd6b0139fc07207d275be77a6e
rpc-service-i2c: Done, hash 5b70ce05fa703ef075f924717727104c1a6a24be
i2c: Done, hash f5ee069d94aa2ae7c627646e5f237f50e8c7001e
rpc-uart: Done, hash 45037dcad1a658ee0acf3d7247ca390dab977a87
wifi-setup-web-ui: Hash unchanged at 959c130d239b784d883c6e9326dfe15ba58de7f6 (dir "/fwbuild-volumes/2.10.2/apps/ESP8266MOSBlynk/esp8266/build_contexts/build_ctx_789929979/libs/wifi-setup-web-ui")
wifi-setup-web-ui: Prepared local dir: "/fwbuild-volumes/2.10.2/apps/ESP8266MOSBlynk/esp8266/build_contexts/build_ctx_789929979/libs/wifi-setup-web-ui"
rpc-service-fs: Hash unchanged at d51b3684c361cd0e5ebdfe456b6dacaeae17155e (dir "/fwbuild-volumes/2.10.2/apps/ESP8266MOSBlynk/esp8266/build_contexts/build_ctx_789929979/libs/rpc-service-fs")
rpc-service-fs: Prepared local dir: "/fwbuild-volumes/2.10.2/apps/ESP8266MOSBlynk/esp8266/build_contexts/build_ctx_789929979/libs/rpc-service-fs"
wifi: Hash unchanged at 211ba0056f7155fa977c901ac6a1b1f38d539b15 (dir "/fwbuild-volumes/2.10.2/apps/ESP8266MOSBlynk/esp8266/build_contexts/build_ctx_789929979/libs/wifi")
wifi: Prepared local dir: "/fwbuild-volumes/2.10.2/apps/ESP8266MOSBlynk/esp8266/build_contexts/build_ctx_789929979/libs/wifi"
rpc-uart: Hash unchanged at 45037dcad1a658ee0acf3d7247ca390dab977a87 (dir "/fwbuild-volumes/2.10.2/apps/ESP8266MOSBlynk/esp8266/build_contexts/build_ctx_789929979/libs/rpc-uart")
rpc-uart: Prepared local dir: "/fwbuild-volumes/2.10.2/apps/ESP8266MOSBlynk/esp8266/build_contexts/build_ctx_789929979/libs/rpc-uart"
ca-bundle: Hash unchanged at d5a470b260e3485660ffed6b5b1c7c961bd2b88c (dir "/fwbuild-volumes/2.10.2/apps/ESP8266MOSBlynk/esp8266/build_contexts/build_ctx_789929979/libs/ca-bundle")
ca-bundle: Prepared local dir: "/fwbuild-volumes/2.10.2/apps/ESP8266MOSBlynk/esp8266/build_contexts/build_ctx_789929979/libs/ca-bundle"
Handling lib "rpc-common"...
blynk: Hash unchanged at 33bcc8de920f030c074e6aee5bac0cbfec67036e (dir "/fwbuild-volumes/2.10.2/apps/ESP8266MOSBlynk/esp8266/build_contexts/build_ctx_789929979/libs/blynk")
blynk: Prepared local dir: "/fwbuild-volumes/2.10.2/apps/ESP8266MOSBlynk/esp8266/build_contexts/build_ctx_789929979/libs/blynk"
zz_boards: Hash unchanged at a8289a4815cba51f2c779037137960191c224db3 (dir "/fwbuild-volumes/2.10.2/apps/ESP8266MOSBlynk/esp8266/build_contexts/build_ctx_789929979/libs/boards")
zz_boards: Prepared local dir: "/fwbuild-volumes/2.10.2/apps/ESP8266MOSBlynk/esp8266/build_contexts/build_ctx_789929979/libs/boards"
atca: Hash unchanged at df2bbaf0d1279ab104459bbadf1477daf4b39e08 (dir "/fwbuild-volumes/2.10.2/apps/ESP8266MOSBlynk/esp8266/build_contexts/build_ctx_789929979/libs/atca")
atca: Prepared local dir: "/fwbuild-volumes/2.10.2/apps/ESP8266MOSBlynk/esp8266/build_contexts/build_ctx_789929979/libs/atca"
core: Hash unchanged at b713e39aa2828bcd6b0139fc07207d275be77a6e (dir "/fwbuild-volumes/2.10.2/apps/ESP8266MOSBlynk/esp8266/build_contexts/build_ctx_789929979/libs/core")
rpc-service-atca: Hash unchanged at d971678a491187c9d0338a1a55cb7af7af0be0c7 (dir "/fwbuild-volumes/2.10.2/apps/ESP8266MOSBlynk/esp8266/build_contexts/build_ctx_789929979/libs/rpc-service-atca")
core: Prepared local dir: "/fwbuild-volumes/2.10.2/apps/ESP8266MOSBlynk/esp8266/build_contexts/build_ctx_789929979/libs/core"
rpc-service-atca: Prepared local dir: "/fwbuild-volumes/2.10.2/apps/ESP8266MOSBlynk/esp8266/build_contexts/build_ctx_789929979/libs/rpc-service-atca"
rpc-service-i2c: Hash unchanged at 5b70ce05fa703ef075f924717727104c1a6a24be (dir "/fwbuild-volumes/2.10.2/apps/ESP8266MOSBlynk/esp8266/build_contexts/build_ctx_789929979/libs/rpc-service-i2c")
rpc-service-i2c: Prepared local dir: "/fwbuild-volumes/2.10.2/apps/ESP8266MOSBlynk/esp8266/build_contexts/build_ctx_789929979/libs/rpc-service-i2c"
i2c: Hash unchanged at f5ee069d94aa2ae7c627646e5f237f50e8c7001e (dir "/fwbuild-volumes/2.10.2/apps/ESP8266MOSBlynk/esp8266/build_contexts/build_ctx_789929979/libs/i2c")
http-server: Hash unchanged at 3854855a6342a1faed05a9c3511b93d3dc8d5389 (dir "/fwbuild-volumes/2.10.2/apps/ESP8266MOSBlynk/esp8266/build_contexts/build_ctx_789929979/libs/http-server")
i2c: Prepared local dir: "/fwbuild-volumes/2.10.2/apps/ESP8266MOSBlynk/esp8266/build_contexts/build_ctx_789929979/libs/i2c"
http-server: Prepared local dir: "/fwbuild-volumes/2.10.2/apps/ESP8266MOSBlynk/esp8266/build_contexts/build_ctx_789929979/libs/http-server"
Handling lib "mongoose"...
Handling lib "vfs-dev-part"...
rpc-service-config: Hash unchanged at 8ceacef143f63104bf6b2ee2842358edf04bcce0 (dir "/fwbuild-volumes/2.10.2/apps/ESP8266MOSBlynk/esp8266/build_contexts/build_ctx_789929979/libs/rpc-service-config")
Handling lib "vfs-fs-spiffs"...
rpc-service-config: Prepared local dir: "/fwbuild-volumes/2.10.2/apps/ESP8266MOSBlynk/esp8266/build_contexts/build_ctx_789929979/libs/rpc-service-config"
rpc-common: Checking out 2.10.2...
mongoose: Checking out 2.10.2...
vfs-fs-spiffs: Checking out 2.10.2...
vfs-dev-part: Checking out 2.10.2...
rpc-common: Done, hash a20f1fa465aa440884fd67cf1fe9d66434829717
rpc-common: Hash unchanged at a20f1fa465aa440884fd67cf1fe9d66434829717 (dir "/fwbuild-volumes/2.10.2/apps/ESP8266MOSBlynk/esp8266/build_contexts/build_ctx_789929979/libs/rpc-common")
rpc-common: Prepared local dir: "/fwbuild-volumes/2.10.2/apps/ESP8266MOSBlynk/esp8266/build_contexts/build_ctx_789929979/libs/rpc-common"
mongoose: Done, hash 641a97054f1aa5b9fea30bc9822b208ed455345b
vfs-dev-part: Done, hash 5a7aadd66bfcee7c4391120fc6636f20272bda0a
mongoose: Hash unchanged at 641a97054f1aa5b9fea30bc9822b208ed455345b (dir "/fwbuild-volumes/2.10.2/apps/ESP8266MOSBlynk/esp8266/build_contexts/build_ctx_789929979/libs/mongoose")
mongoose: Prepared local dir: "/fwbuild-volumes/2.10.2/apps/ESP8266MOSBlynk/esp8266/build_contexts/build_ctx_789929979/libs/mongoose"
vfs-fs-spiffs: Done, hash 09a943adefd71f7de25c2bf84d743b1f644cf291
Handling lib "mbedtls"...
Handling lib "vfs-common"...
vfs-dev-part: Hash unchanged at 5a7aadd66bfcee7c4391120fc6636f20272bda0a (dir "/fwbuild-volumes/2.10.2/apps/ESP8266MOSBlynk/esp8266/build_contexts/build_ctx_789929979/libs/vfs-dev-part")
vfs-dev-part: Prepared local dir: "/fwbuild-volumes/2.10.2/apps/ESP8266MOSBlynk/esp8266/build_contexts/build_ctx_789929979/libs/vfs-dev-part"
vfs-fs-spiffs: Hash unchanged at 09a943adefd71f7de25c2bf84d743b1f644cf291 (dir "/fwbuild-volumes/2.10.2/apps/ESP8266MOSBlynk/esp8266/build_contexts/build_ctx_789929979/libs/vfs-fs-spiffs")
vfs-fs-spiffs: Prepared local dir: "/fwbuild-volumes/2.10.2/apps/ESP8266MOSBlynk/esp8266/build_contexts/build_ctx_789929979/libs/vfs-fs-spiffs"
vfs-common: Checking out 2.10.2...
mbedtls: Checking out 2.10.2...
vfs-common: Done, hash 9ac59e5c8b6728377d4c8ea283324f529f203452
vfs-common: Hash unchanged at 9ac59e5c8b6728377d4c8ea283324f529f203452 (dir "/fwbuild-volumes/2.10.2/apps/ESP8266MOSBlynk/esp8266/build_contexts/build_ctx_789929979/libs/vfs-common")
vfs-common: Prepared local dir: "/fwbuild-volumes/2.10.2/apps/ESP8266MOSBlynk/esp8266/build_contexts/build_ctx_789929979/libs/vfs-common"
mbedtls: Done, hash 2afc76125735e840957d26175d92b9ec682215cc
mbedtls: Hash unchanged at 2afc76125735e840957d26175d92b9ec682215cc (dir "/fwbuild-volumes/2.10.2/apps/ESP8266MOSBlynk/esp8266/build_contexts/build_ctx_789929979/libs/mbedtls")
mbedtls: Prepared local dir: "/fwbuild-volumes/2.10.2/apps/ESP8266MOSBlynk/esp8266/build_contexts/build_ctx_789929979/libs/mbedtls"
The flag --repo is not given, going to use mongoose-os repository
mongoose-os: Checking out 2.10.2...
mongoose-os: Done, hash 31f9fe69869f851fa2395ec62d4547bed3819226
Prebuilt binary for "mbedtls" already exists at "/fwbuild-volumes/2.10.2/apps/ESP8266MOSBlynk/esp8266/build_contexts/build_ctx_789929979/libs/mbedtls/lib/esp8266/libmbedtls.a"
Prebuilt binary for "mongoose" already exists at "/fwbuild-volumes/2.10.2/apps/ESP8266MOSBlynk/esp8266/build_contexts/build_ctx_789929979/libs/mongoose/lib/esp8266/libmongoose.a"
== Manifest has changed, forcing a clean rebuild...
Handling lib "zz_boards"...
Handling lib "i2c"...
Handling lib "http-server"...
Handling lib "atca"...
Handling lib "blynk"...
Handling lib "core"...
Handling lib "wifi"...
Handling lib "ca-bundle"...
Handling lib "rpc-service-i2c"...
Handling lib "rpc-service-config"...
Handling lib "rpc-service-fs"...
Handling lib "wifi-setup-web-ui"...
Handling lib "rpc-service-atca"...
Handling lib "rpc-uart"...
core: Checking out 2.10.2...
zz_boards: Checking out 2.10.2...
atca: Checking out 2.10.2...
blynk: Checking out 2.10.2...
wifi: Checking out 2.10.2...
ca-bundle: Checking out 2.10.2...
rpc-service-config: Checking out 2.10.2...
wifi-setup-web-ui: Checking out 2.10.2...
rpc-service-fs: Checking out 2.10.2...
i2c: Checking out 2.10.2...
http-server: Checking out 2.10.2...
rpc-service-i2c: Checking out 2.10.2...
rpc-uart: Checking out 2.10.2...
rpc-service-atca: Checking out 2.10.2...
core: Done, hash b713e39aa2828bcd6b0139fc07207d275be77a6e
zz_boards: Done, hash a8289a4815cba51f2c779037137960191c224db3
blynk: Done, hash 33bcc8de920f030c074e6aee5bac0cbfec67036e
ca-bundle: Done, hash d5a470b260e3485660ffed6b5b1c7c961bd2b88c
atca: Done, hash df2bbaf0d1279ab104459bbadf1477daf4b39e08
wifi: Done, hash 211ba0056f7155fa977c901ac6a1b1f38d539b15
core: Hash unchanged at b713e39aa2828bcd6b0139fc07207d275be77a6e (dir "/fwbuild-volumes/2.10.2/apps/ESP8266MOSBlynk/esp8266/build_contexts/build_ctx_789929979/libs/core")
core: Prepared local dir: "/fwbuild-volumes/2.10.2/apps/ESP8266MOSBlynk/esp8266/build_contexts/build_ctx_789929979/libs/core"
rpc-service-config: Done, hash 8ceacef143f63104bf6b2ee2842358edf04bcce0
rpc-service-fs: Done, hash d51b3684c361cd0e5ebdfe456b6dacaeae17155e
Handling lib "mongoose"...
Handling lib "vfs-dev-part"...
Handling lib "vfs-fs-spiffs"...
wifi-setup-web-ui: Done, hash 959c130d239b784d883c6e9326dfe15ba58de7f6
zz_boards: Hash unchanged at a8289a4815cba51f2c779037137960191c224db3 (dir "/fwbuild-volumes/2.10.2/apps/ESP8266MOSBlynk/esp8266/build_contexts/build_ctx_789929979/libs/boards")
zz_boards: Prepared local dir: "/fwbuild-volumes/2.10.2/apps/ESP8266MOSBlynk/esp8266/build_contexts/build_ctx_789929979/libs/boards"
rpc-service-i2c: Done, hash 5b70ce05fa703ef075f924717727104c1a6a24be
i2c: Done, hash f5ee069d94aa2ae7c627646e5f237f50e8c7001e
blynk: Hash unchanged at 33bcc8de920f030c074e6aee5bac0cbfec67036e (dir "/fwbuild-volumes/2.10.2/apps/ESP8266MOSBlynk/esp8266/build_contexts/build_ctx_789929979/libs/blynk")
blynk: Prepared local dir: "/fwbuild-volumes/2.10.2/apps/ESP8266MOSBlynk/esp8266/build_contexts/build_ctx_789929979/libs/blynk"
ca-bundle: Hash unchanged at d5a470b260e3485660ffed6b5b1c7c961bd2b88c (dir "/fwbuild-volumes/2.10.2/apps/ESP8266MOSBlynk/esp8266/build_contexts/build_ctx_789929979/libs/ca-bundle")
ca-bundle: Prepared local dir: "/fwbuild-volumes/2.10.2/apps/ESP8266MOSBlynk/esp8266/build_contexts/build_ctx_789929979/libs/ca-bundle"
wifi: Hash unchanged at 211ba0056f7155fa977c901ac6a1b1f38d539b15 (dir "/fwbuild-volumes/2.10.2/apps/ESP8266MOSBlynk/esp8266/build_contexts/build_ctx_789929979/libs/wifi")
wifi: Prepared local dir: "/fwbuild-volumes/2.10.2/apps/ESP8266MOSBlynk/esp8266/build_contexts/build_ctx_789929979/libs/wifi"
atca: Hash unchanged at df2bbaf0d1279ab104459bbadf1477daf4b39e08 (dir "/fwbuild-volumes/2.10.2/apps/ESP8266MOSBlynk/esp8266/build_contexts/build_ctx_789929979/libs/atca")
atca: Prepared local dir: "/fwbuild-volumes/2.10.2/apps/ESP8266MOSBlynk/esp8266/build_contexts/build_ctx_789929979/libs/atca"
http-server: Done, hash 3854855a6342a1faed05a9c3511b93d3dc8d5389
rpc-uart: Done, hash 45037dcad1a658ee0acf3d7247ca390dab977a87
rpc-service-config: Hash unchanged at 8ceacef143f63104bf6b2ee2842358edf04bcce0 (dir "/fwbuild-volumes/2.10.2/apps/ESP8266MOSBlynk/esp8266/build_contexts/build_ctx_789929979/libs/rpc-service-config")
rpc-service-config: Prepared local dir: "/fwbuild-volumes/2.10.2/apps/ESP8266MOSBlynk/esp8266/build_contexts/build_ctx_789929979/libs/rpc-service-config"
rpc-service-atca: Done, hash d971678a491187c9d0338a1a55cb7af7af0be0c7
Handling lib "rpc-common"...
rpc-service-fs: Hash unchanged at d51b3684c361cd0e5ebdfe456b6dacaeae17155e (dir "/fwbuild-volumes/2.10.2/apps/ESP8266MOSBlynk/esp8266/build_contexts/build_ctx_789929979/libs/rpc-service-fs")
rpc-service-fs: Prepared local dir: "/fwbuild-volumes/2.10.2/apps/ESP8266MOSBlynk/esp8266/build_contexts/build_ctx_789929979/libs/rpc-service-fs"
rpc-service-i2c: Hash unchanged at 5b70ce05fa703ef075f924717727104c1a6a24be (dir "/fwbuild-volumes/2.10.2/apps/ESP8266MOSBlynk/esp8266/build_contexts/build_ctx_789929979/libs/rpc-service-i2c")
rpc-service-i2c: Prepared local dir: "/fwbuild-volumes/2.10.2/apps/ESP8266MOSBlynk/esp8266/build_contexts/build_ctx_789929979/libs/rpc-service-i2c"
http-server: Hash unchanged at 3854855a6342a1faed05a9c3511b93d3dc8d5389 (dir "/fwbuild-volumes/2.10.2/apps/ESP8266MOSBlynk/esp8266/build_contexts/build_ctx_789929979/libs/http-server")
http-server: Prepared local dir: "/fwbuild-volumes/2.10.2/apps/ESP8266MOSBlynk/esp8266/build_contexts/build_ctx_789929979/libs/http-server"
rpc-uart: Hash unchanged at 45037dcad1a658ee0acf3d7247ca390dab977a87 (dir "/fwbuild-volumes/2.10.2/apps/ESP8266MOSBlynk/esp8266/build_contexts/build_ctx_789929979/libs/rpc-uart")
rpc-uart: Prepared local dir: "/fwbuild-volumes/2.10.2/apps/ESP8266MOSBlynk/esp8266/build_contexts/build_ctx_789929979/libs/rpc-uart"
i2c: Hash unchanged at f5ee069d94aa2ae7c627646e5f237f50e8c7001e (dir "/fwbuild-volumes/2.10.2/apps/ESP8266MOSBlynk/esp8266/build_contexts/build_ctx_789929979/libs/i2c")
wifi-setup-web-ui: Hash unchanged at 959c130d239b784d883c6e9326dfe15ba58de7f6 (dir "/fwbuild-volumes/2.10.2/apps/ESP8266MOSBlynk/esp8266/build_contexts/build_ctx_789929979/libs/wifi-setup-web-ui")
i2c: Prepared local dir: "/fwbuild-volumes/2.10.2/apps/ESP8266MOSBlynk/esp8266/build_contexts/build_ctx_789929979/libs/i2c"
wifi-setup-web-ui: Prepared local dir: "/fwbuild-volumes/2.10.2/apps/ESP8266MOSBlynk/esp8266/build_contexts/build_ctx_789929979/libs/wifi-setup-web-ui"
rpc-service-atca: Hash unchanged at d971678a491187c9d0338a1a55cb7af7af0be0c7 (dir "/fwbuild-volumes/2.10.2/apps/ESP8266MOSBlynk/esp8266/build_contexts/build_ctx_789929979/libs/rpc-service-atca")
rpc-service-atca: Prepared local dir: "/fwbuild-volumes/2.10.2/apps/ESP8266MOSBlynk/esp8266/build_contexts/build_ctx_789929979/libs/rpc-service-atca"
vfs-dev-part: Checking out 2.10.2...
mongoose: Checking out 2.10.2...
rpc-common: Checking out 2.10.2...
vfs-fs-spiffs: Checking out 2.10.2...
vfs-dev-part: Done, hash 5a7aadd66bfcee7c4391120fc6636f20272bda0a
mongoose: Done, hash 641a97054f1aa5b9fea30bc9822b208ed455345b
rpc-common: Done, hash a20f1fa465aa440884fd67cf1fe9d66434829717
vfs-fs-spiffs: Done, hash 09a943adefd71f7de25c2bf84d743b1f644cf291
vfs-dev-part: Hash unchanged at 5a7aadd66bfcee7c4391120fc6636f20272bda0a (dir "/fwbuild-volumes/2.10.2/apps/ESP8266MOSBlynk/esp8266/build_contexts/build_ctx_789929979/libs/vfs-dev-part")
vfs-dev-part: Prepared local dir: "/fwbuild-volumes/2.10.2/apps/ESP8266MOSBlynk/esp8266/build_contexts/build_ctx_789929979/libs/vfs-dev-part"
mongoose: Hash unchanged at 641a97054f1aa5b9fea30bc9822b208ed455345b (dir "/fwbuild-volumes/2.10.2/apps/ESP8266MOSBlynk/esp8266/build_contexts/build_ctx_789929979/libs/mongoose")
mongoose: Prepared local dir: "/fwbuild-volumes/2.10.2/apps/ESP8266MOSBlynk/esp8266/build_contexts/build_ctx_789929979/libs/mongoose"
Handling lib "vfs-common"...
rpc-common: Hash unchanged at a20f1fa465aa440884fd67cf1fe9d66434829717 (dir "/fwbuild-volumes/2.10.2/apps/ESP8266MOSBlynk/esp8266/build_contexts/build_ctx_789929979/libs/rpc-common")
Handling lib "mbedtls"...
rpc-common: Prepared local dir: "/fwbuild-volumes/2.10.2/apps/ESP8266MOSBlynk/esp8266/build_contexts/build_ctx_789929979/libs/rpc-common"
vfs-fs-spiffs: Hash unchanged at 09a943adefd71f7de25c2bf84d743b1f644cf291 (dir "/fwbuild-volumes/2.10.2/apps/ESP8266MOSBlynk/esp8266/build_contexts/build_ctx_789929979/libs/vfs-fs-spiffs")
vfs-fs-spiffs: Prepared local dir: "/fwbuild-volumes/2.10.2/apps/ESP8266MOSBlynk/esp8266/build_contexts/build_ctx_789929979/libs/vfs-fs-spiffs"
vfs-common: Checking out 2.10.2...
mbedtls: Checking out 2.10.2...
vfs-common: Done, hash 9ac59e5c8b6728377d4c8ea283324f529f203452
vfs-common: Hash unchanged at 9ac59e5c8b6728377d4c8ea283324f529f203452 (dir "/fwbuild-volumes/2.10.2/apps/ESP8266MOSBlynk/esp8266/build_contexts/build_ctx_789929979/libs/vfs-common")
vfs-common: Prepared local dir: "/fwbuild-volumes/2.10.2/apps/ESP8266MOSBlynk/esp8266/build_contexts/build_ctx_789929979/libs/vfs-common"
mbedtls: Done, hash 2afc76125735e840957d26175d92b9ec682215cc
mbedtls: Hash unchanged at 2afc76125735e840957d26175d92b9ec682215cc (dir "/fwbuild-volumes/2.10.2/apps/ESP8266MOSBlynk/esp8266/build_contexts/build_ctx_789929979/libs/mbedtls")
mbedtls: Prepared local dir: "/fwbuild-volumes/2.10.2/apps/ESP8266MOSBlynk/esp8266/build_contexts/build_ctx_789929979/libs/mbedtls"
The flag --repo is not given, going to use mongoose-os repository
mongoose-os: Checking out 2.10.2...
mongoose-os: Done, hash 31f9fe69869f851fa2395ec62d4547bed3819226
Prebuilt binary for "mbedtls" already exists at "/fwbuild-volumes/2.10.2/apps/ESP8266MOSBlynk/esp8266/build_contexts/build_ctx_789929979/libs/mbedtls/lib/esp8266/libmbedtls.a"
Prebuilt binary for "mongoose" already exists at "/fwbuild-volumes/2.10.2/apps/ESP8266MOSBlynk/esp8266/build_contexts/build_ctx_789929979/libs/mongoose/lib/esp8266/libmongoose.a"
Sources: [/fwbuild-volumes/2.10.2/apps/ESP8266MOSBlynk/esp8266/build_contexts/build_ctx_789929979/src/main.c /fwbuild-volumes/2.10.2/apps/ESP8266MOSBlynk/esp8266/build_contexts/build_ctx_789929979/build/gen/mgos_deps_init.c /fwbuild-volumes/2.10.2/apps/ESP8266MOSBlynk/esp8266/build_contexts/build_ctx_789929979/libs/i2c/src/mgos_i2c.c /fwbuild-volumes/2.10.2/apps/ESP8266MOSBlynk/esp8266/build_contexts/build_ctx_789929979/libs/i2c/src/common_gpio/mgos_i2c_gpio.c /fwbuild-volumes/2.10.2/apps/ESP8266MOSBlynk/esp8266/build_contexts/build_ctx_789929979/libs/atca/src/mgos_atca.c /fwbuild-volumes/2.10.2/apps/ESP8266MOSBlynk/esp8266/build_contexts/build_ctx_789929979/libs/atca/cryptoauthlib/lib/atca_cfgs.c /fwbuild-volumes/2.10.2/apps/ESP8266MOSBlynk/esp8266/build_contexts/build_ctx_789929979/libs/atca/cryptoauthlib/lib/atca_command.c /fwbuild-volumes/2.10.2/apps/ESP8266MOSBlynk/esp8266/build_contexts/build_ctx_789929979/libs/atca/cryptoauthlib/lib/atca_device.c /fwbuild-volumes/2.10.2/apps/ESP8266MOSBlynk/esp8266/build_contexts/build_ctx_789929979/libs/atca/cryptoauthlib/lib/atca_iface.c /fwbuild-volumes/2.10.2/apps/ESP8266MOSBlynk/esp8266/build_contexts/build_ctx_789929979/libs/atca/cryptoauthlib/lib/basic/atca_basic.c /fwbuild-volumes/2.10.2/apps/ESP8266MOSBlynk/esp8266/build_contexts/build_ctx_789929979/libs/atca/cryptoauthlib/lib/basic/atca_helpers.c /fwbuild-volumes/2.10.2/apps/ESP8266MOSBlynk/esp8266/build_contexts/build_ctx_789929979/libs/atca/cryptoauthlib/lib/host/atca_host.c /fwbuild-volumes/2.10.2/apps/ESP8266MOSBlynk/esp8266/build_contexts/build_ctx_789929979/libs/vfs-common/src/mgos_vfs.c /fwbuild-volumes/2.10.2/apps/ESP8266MOSBlynk/esp8266/build_contexts/build_ctx_789929979/libs/vfs-common/src/mgos_vfs_dev.c /fwbuild-volumes/2.10.2/apps/ESP8266MOSBlynk/esp8266/build_contexts/build_ctx_789929979/libs/vfs-common/src/mgos_vfs_internal.c /fwbuild-volumes/2.10.2/apps/ESP8266MOSBlynk/esp8266/build_contexts/build_ctx_789929979/libs/vfs-common/src/esp8266/esp_flash_writer.c /fwbuild-volumes/2.10.2/apps/ESP8266MOSBlynk/esp8266/build_contexts/build_ctx_789929979/libs/vfs-common/src/esp8266/esp_fs.c /fwbuild-volumes/2.10.2/apps/ESP8266MOSBlynk/esp8266/build_contexts/build_ctx_789929979/libs/vfs-common/src/esp8266/esp_vfs_dev_sysflash.c /fwbuild-volumes/2.10.2/apps/ESP8266MOSBlynk/esp8266/build_contexts/build_ctx_789929979/libs/vfs-dev-part/src/mgos_vfs_dev_part.c /fwbuild-volumes/2.10.2/apps/ESP8266MOSBlynk/esp8266/build_contexts/build_ctx_789929979/libs/vfs-fs-spiffs/src/mgos_vfs_fs_spiffs.c /fwbuild-volumes/2.10.2/apps/ESP8266MOSBlynk/esp8266/build_contexts/build_ctx_789929979/libs/vfs-fs-spiffs/src/spiffs/spiffs_cache.c /fwbuild-volumes/2.10.2/apps/ESP8266MOSBlynk/esp8266/build_contexts/build_ctx_789929979/libs/vfs-fs-spiffs/src/spiffs/spiffs_check.c /fwbuild-volumes/2.10.2/apps/ESP8266MOSBlynk/esp8266/build_contexts/build_ctx_789929979/libs/vfs-fs-spiffs/src/spiffs/spiffs_gc.c /fwbuild-volumes/2.10.2/apps/ESP8266MOSBlynk/esp8266/build_contexts/build_ctx_789929979/libs/vfs-fs-spiffs/src/spiffs/spiffs_hydrogen.c /fwbuild-volumes/2.10.2/apps/ESP8266MOSBlynk/esp8266/build_contexts/build_ctx_789929979/libs/vfs-fs-spiffs/src/spiffs/spiffs_nucleus.c /fwbuild-volumes/2.10.2/apps/ESP8266MOSBlynk/esp8266/build_contexts/build_ctx_789929979/libs/core/src/mgos_core.c /fwbuild-volumes/2.10.2/apps/ESP8266MOSBlynk/esp8266/build_contexts/build_ctx_789929979/libs/core/src/esp8266/esp_rboot.c /fwbuild-volumes/2.10.2/apps/ESP8266MOSBlynk/esp8266/build_contexts/build_ctx_789929979/libs/blynk/src/mgos_blynk.c /fwbuild-volumes/2.10.2/apps/ESP8266MOSBlynk/esp8266/build_contexts/build_ctx_789929979/libs/http-server/src/mgos_http_server.c /fwbuild-volumes/2.10.2/apps/ESP8266MOSBlynk/esp8266/build_contexts/build_ctx_789929979/libs/rpc-common/src/mg_rpc.c /fwbuild-volumes/2.10.2/apps/ESP8266MOSBlynk/esp8266/build_contexts/build_ctx_789929979/libs/rpc-common/src/mg_rpc_channel.c /fwbuild-volumes/2.10.2/apps/ESP8266MOSBlynk/esp8266/build_contexts/build_ctx_789929979/libs/rpc-common/src/mg_rpc_channel_http.c /fwbuild-volumes/2.10.2/apps/ESP8266MOSBlynk/esp8266/build_contexts/build_ctx_789929979/libs/rpc-common/src/mgos_rpc.c /fwbuild-volumes/2.10.2/apps/ESP8266MOSBlynk/esp8266/build_contexts/build_ctx_789929979/libs/rpc-service-atca/src/mgos_atca_service.c /fwbuild-volumes/2.10.2/apps/ESP8266MOSBlynk/esp8266/build_contexts/build_ctx_789929979/libs/rpc-service-config/src/mgos_service_config.c /fwbuild-volumes/2.10.2/apps/ESP8266MOSBlynk/esp8266/build_contexts/build_ctx_789929979/libs/rpc-service-fs/src/mgos_service_filesystem.c /fwbuild-volumes/2.10.2/apps/ESP8266MOSBlynk/esp8266/build_contexts/build_ctx_789929979/libs/rpc-service-i2c/src/mgos_i2c_service.c /fwbuild-volumes/2.10.2/apps/ESP8266MOSBlynk/esp8266/build_contexts/build_ctx_789929979/libs/rpc-uart/src/mgos_rpc_channel_uart.c /fwbuild-volumes/2.10.2/apps/ESP8266MOSBlynk/esp8266/build_contexts/build_ctx_789929979/libs/wifi/src/mgos_wifi.c /fwbuild-volumes/2.10.2/apps/ESP8266MOSBlynk/esp8266/build_contexts/build_ctx_789929979/libs/wifi/src/mjs_wifi.c /fwbuild-volumes/2.10.2/apps/ESP8266MOSBlynk/esp8266/build_contexts/build_ctx_789929979/libs/wifi/esp8266/src/esp_wifi.c]
Include dirs: [/fwbuild-volumes/2.10.2/apps/ESP8266MOSBlynk/esp8266/build_contexts/build_ctx_789929979/libs/i2c/include /fwbuild-volumes/2.10.2/apps/ESP8266MOSBlynk/esp8266/build_contexts/build_ctx_789929979/libs/atca/include /fwbuild-volumes/2.10.2/apps/ESP8266MOSBlynk/esp8266/build_contexts/build_ctx_789929979/libs/atca/cryptoauthlib/lib /fwbuild-volumes/2.10.2/apps/ESP8266MOSBlynk/esp8266/build_contexts/build_ctx_789929979/libs/mbedtls/include /fwbuild-volumes/2.10.2/apps/ESP8266MOSBlynk/esp8266/build_contexts/build_ctx_789929979/libs/mbedtls/include/esp8266 /fwbuild-volumes/2.10.2/apps/ESP8266MOSBlynk/esp8266/build_contexts/build_ctx_789929979/libs/mbedtls/mbedtls/include /fwbuild-volumes/2.10.2/apps/ESP8266MOSBlynk/esp8266/build_contexts/build_ctx_789929979/libs/vfs-common/include /fwbuild-volumes/2.10.2/apps/ESP8266MOSBlynk/esp8266/build_contexts/build_ctx_789929979/libs/vfs-common/include/esp8266 /fwbuild-volumes/2.10.2/apps/ESP8266MOSBlynk/esp8266/build_contexts/build_ctx_789929979/libs/mongoose/include /fwbuild-volumes/2.10.2/apps/ESP8266MOSBlynk/esp8266/build_contexts/build_ctx_789929979/libs/vfs-dev-part/include /fwbuild-volumes/2.10.2/apps/ESP8266MOSBlynk/esp8266/build_contexts/build_ctx_789929979/libs/vfs-fs-spiffs/include /fwbuild-volumes/2.10.2/apps/ESP8266MOSBlynk/esp8266/build_contexts/build_ctx_789929979/libs/vfs-fs-spiffs/include/spiffs /fwbuild-volumes/2.10.2/apps/ESP8266MOSBlynk/esp8266/build_contexts/build_ctx_789929979/libs/vfs-fs-spiffs/include/esp8266 /fwbuild-volumes/2.10.2/apps/ESP8266MOSBlynk/esp8266/build_contexts/build_ctx_789929979/libs/core/include /fwbuild-volumes/2.10.2/apps/ESP8266MOSBlynk/esp8266/build_contexts/build_ctx_789929979/libs/core/include/esp8266 /fwbuild-volumes/2.10.2/apps/ESP8266MOSBlynk/esp8266/build_contexts/build_ctx_789929979/libs/blynk/include /fwbuild-volumes/2.10.2/apps/ESP8266MOSBlynk/esp8266/build_contexts/build_ctx_789929979/libs/http-server/include /fwbuild-volumes/2.10.2/apps/ESP8266MOSBlynk/esp8266/build_contexts/build_ctx_789929979/libs/rpc-common/include /fwbuild-volumes/2.10.2/apps/ESP8266MOSBlynk/esp8266/build_contexts/build_ctx_789929979/libs/rpc-service-config/include /fwbuild-volumes/2.10.2/apps/ESP8266MOSBlynk/esp8266/build_contexts/build_ctx_789929979/libs/rpc-service-fs/include /fwbuild-volumes/2.10.2/apps/ESP8266MOSBlynk/esp8266/build_contexts/build_ctx_789929979/libs/rpc-service-i2c/include /fwbuild-volumes/2.10.2/apps/ESP8266MOSBlynk/esp8266/build_contexts/build_ctx_789929979/libs/rpc-uart/include /fwbuild-volumes/2.10.2/apps/ESP8266MOSBlynk/esp8266/build_contexts/build_ctx_789929979/libs/wifi/include]
Binary libs: [/fwbuild-volumes/2.10.2/apps/ESP8266MOSBlynk/esp8266/build_contexts/build_ctx_789929979/libs/mbedtls/lib/esp8266/libmbedtls.a /fwbuild-volumes/2.10.2/apps/ESP8266MOSBlynk/esp8266/build_contexts/build_ctx_789929979/libs/mongoose/lib/esp8266/libmongoose.a]
Building...
mount from "/fwbuild-volumes/2.10.2/apps/ESP8266MOSBlynk/esp8266/build_contexts/build_ctx_789929979" to "/app"
mount from "/fwbuild-volumes/2.10.2/apps/ESP8266MOSBlynk/esp8266/build_contexts/build_ctx_789929979/modules/mongoose-os" to "/mongoose-os"
mount from "/fwbuild-volumes/2.10.2/apps/ESP8266MOSBlynk/esp8266/build_contexts/build_ctx_789929979/modules/mongoose-os" to "/fwbuild-volumes/2.10.2/apps/ESP8266MOSBlynk/esp8266/build_contexts/build_ctx_789929979/modules/mongoose-os"
mount from "/fwbuild-volumes/2.10.2/apps/ESP8266MOSBlynk/esp8266/build_contexts/build_ctx_789929979/build" to "/fwbuild-volumes/2.10.2/apps/ESP8266MOSBlynk/esp8266/build_contexts/build_ctx_789929979/build"
mount from "/fwbuild-volumes/2.10.2/apps/ESP8266MOSBlynk/esp8266/build_contexts/build_ctx_789929979/src" to "/fwbuild-volumes/2.10.2/apps/ESP8266MOSBlynk/esp8266/build_contexts/build_ctx_789929979/src"
mount from "/fwbuild-volumes/2.10.2/apps/ESP8266MOSBlynk/esp8266/build_contexts/build_ctx_789929979/build/gen" to "/fwbuild-volumes/2.10.2/apps/ESP8266MOSBlynk/esp8266/build_contexts/build_ctx_789929979/build/gen"
mount from "/fwbuild-volumes/2.10.2/apps/ESP8266MOSBlynk/esp8266/build_contexts/build_ctx_789929979/libs/i2c/src" to "/fwbuild-volumes/2.10.2/apps/ESP8266MOSBlynk/esp8266/build_contexts/build_ctx_789929979/libs/i2c/src"
mount from "/fwbuild-volumes/2.10.2/apps/ESP8266MOSBlynk/esp8266/build_contexts/build_ctx_789929979/libs/i2c/src/common_gpio" to "/fwbuild-volumes/2.10.2/apps/ESP8266MOSBlynk/esp8266/build_contexts/build_ctx_789929979/libs/i2c/src/common_gpio"
mount from "/fwbuild-volumes/2.10.2/apps/ESP8266MOSBlynk/esp8266/build_contexts/build_ctx_789929979/libs/atca/src" to "/fwbuild-volumes/2.10.2/apps/ESP8266MOSBlynk/esp8266/build_contexts/build_ctx_789929979/libs/atca/src"
mount from "/fwbuild-volumes/2.10.2/apps/ESP8266MOSBlynk/esp8266/build_contexts/build_ctx_789929979/libs/atca/cryptoauthlib/lib" to "/fwbuild-volumes/2.10.2/apps/ESP8266MOSBlynk/esp8266/build_contexts/build_ctx_789929979/libs/atca/cryptoauthlib/lib"
mount from "/fwbuild-volumes/2.10.2/apps/ESP8266MOSBlynk/esp8266/build_contexts/build_ctx_789929979/libs/atca/cryptoauthlib/lib/basic" to "/fwbuild-volumes/2.10.2/apps/ESP8266MOSBlynk/esp8266/build_contexts/build_ctx_789929979/libs/atca/cryptoauthlib/lib/basic"
mount from "/fwbuild-volumes/2.10.2/apps/ESP8266MOSBlynk/esp8266/build_contexts/build_ctx_789929979/libs/atca/cryptoauthlib/lib/crypto" to "/fwbuild-volumes/2.10.2/apps/ESP8266MOSBlynk/esp8266/build_contexts/build_ctx_789929979/libs/atca/cryptoauthlib/lib/crypto"
mount from "/fwbuild-volumes/2.10.2/apps/ESP8266MOSBlynk/esp8266/build_contexts/build_ctx_789929979/libs/atca/cryptoauthlib/lib/hal" to "/fwbuild-volumes/2.10.2/apps/ESP8266MOSBlynk/esp8266/build_contexts/build_ctx_789929979/libs/atca/cryptoauthlib/lib/hal"
mount from "/fwbuild-volumes/2.10.2/apps/ESP8266MOSBlynk/esp8266/build_contexts/build_ctx_789929979/libs/atca/cryptoauthlib/lib/host" to "/fwbuild-volumes/2.10.2/apps/ESP8266MOSBlynk/esp8266/build_contexts/build_ctx_789929979/libs/atca/cryptoauthlib/lib/host"
mount from "/fwbuild-volumes/2.10.2/apps/ESP8266MOSBlynk/esp8266/build_contexts/build_ctx_789929979/libs/vfs-common/src" to "/fwbuild-volumes/2.10.2/apps/ESP8266MOSBlynk/esp8266/build_contexts/build_ctx_789929979/libs/vfs-common/src"
mount from "/fwbuild-volumes/2.10.2/apps/ESP8266MOSBlynk/esp8266/build_contexts/build_ctx_789929979/libs/vfs-common/src/esp8266" to "/fwbuild-volumes/2.10.2/apps/ESP8266MOSBlynk/esp8266/build_contexts/build_ctx_789929979/libs/vfs-common/src/esp8266"
mount from "/fwbuild-volumes/2.10.2/apps/ESP8266MOSBlynk/esp8266/build_contexts/build_ctx_789929979/libs/vfs-dev-part/src" to "/fwbuild-volumes/2.10.2/apps/ESP8266MOSBlynk/esp8266/build_contexts/build_ctx_789929979/libs/vfs-dev-part/src"
mount from "/fwbuild-volumes/2.10.2/apps/ESP8266MOSBlynk/esp8266/build_contexts/build_ctx_789929979/libs/vfs-fs-spiffs/src" to "/fwbuild-volumes/2.10.2/apps/ESP8266MOSBlynk/esp8266/build_contexts/build_ctx_789929979/libs/vfs-fs-spiffs/src"
mount from "/fwbuild-volumes/2.10.2/apps/ESP8266MOSBlynk/esp8266/build_contexts/build_ctx_789929979/libs/vfs-fs-spiffs/src/spiffs" to "/fwbuild-volumes/2.10.2/apps/ESP8266MOSBlynk/esp8266/build_contexts/build_ctx_789929979/libs/vfs-fs-spiffs/src/spiffs"
mount from "/fwbuild-volumes/2.10.2/apps/ESP8266MOSBlynk/esp8266/build_contexts/build_ctx_789929979/libs/core/src" to "/fwbuild-volumes/2.10.2/apps/ESP8266MOSBlynk/esp8266/build_contexts/build_ctx_789929979/libs/core/src"
mount from "/fwbuild-volumes/2.10.2/apps/ESP8266MOSBlynk/esp8266/build_contexts/build_ctx_789929979/libs/core/src/esp8266" to "/fwbuild-volumes/2.10.2/apps/ESP8266MOSBlynk/esp8266/build_contexts/build_ctx_789929979/libs/core/src/esp8266"
mount from "/fwbuild-volumes/2.10.2/apps/ESP8266MOSBlynk/esp8266/build_contexts/build_ctx_789929979/libs/blynk/src" to "/fwbuild-volumes/2.10.2/apps/ESP8266MOSBlynk/esp8266/build_contexts/build_ctx_789929979/libs/blynk/src"
mount from "/fwbuild-volumes/2.10.2/apps/ESP8266MOSBlynk/esp8266/build_contexts/build_ctx_789929979/libs/http-server/src" to "/fwbuild-volumes/2.10.2/apps/ESP8266MOSBlynk/esp8266/build_contexts/build_ctx_789929979/libs/http-server/src"
mount from "/fwbuild-volumes/2.10.2/apps/ESP8266MOSBlynk/esp8266/build_contexts/build_ctx_789929979/libs/rpc-common/src" to "/fwbuild-volumes/2.10.2/apps/ESP8266MOSBlynk/esp8266/build_contexts/build_ctx_789929979/libs/rpc-common/src"
mount from "/fwbuild-volumes/2.10.2/apps/ESP8266MOSBlynk/esp8266/build_contexts/build_ctx_789929979/libs/rpc-service-atca/src" to "/fwbuild-volumes/2.10.2/apps/ESP8266MOSBlynk/esp8266/build_contexts/build_ctx_789929979/libs/rpc-service-atca/src"
mount from "/fwbuild-volumes/2.10.2/apps/ESP8266MOSBlynk/esp8266/build_contexts/build_ctx_789929979/libs/rpc-service-config/src" to "/fwbuild-volumes/2.10.2/apps/ESP8266MOSBlynk/esp8266/build_contexts/build_ctx_789929979/libs/rpc-service-config/src"
mount from "/fwbuild-volumes/2.10.2/apps/ESP8266MOSBlynk/esp8266/build_contexts/build_ctx_789929979/libs/rpc-service-fs/src" to "/fwbuild-volumes/2.10.2/apps/ESP8266MOSBlynk/esp8266/build_contexts/build_ctx_789929979/libs/rpc-service-fs/src"
mount from "/fwbuild-volumes/2.10.2/apps/ESP8266MOSBlynk/esp8266/build_contexts/build_ctx_789929979/libs/rpc-service-i2c/src" to "/fwbuild-volumes/2.10.2/apps/ESP8266MOSBlynk/esp8266/build_contexts/build_ctx_789929979/libs/rpc-service-i2c/src"
mount from "/fwbuild-volumes/2.10.2/apps/ESP8266MOSBlynk/esp8266/build_contexts/build_ctx_789929979/libs/rpc-uart/src" to "/fwbuild-volumes/2.10.2/apps/ESP8266MOSBlynk/esp8266/build_contexts/build_ctx_789929979/libs/rpc-uart/src"
mount from "/fwbuild-volumes/2.10.2/apps/ESP8266MOSBlynk/esp8266/build_contexts/build_ctx_789929979/libs/wifi/src" to "/fwbuild-volumes/2.10.2/apps/ESP8266MOSBlynk/esp8266/build_contexts/build_ctx_789929979/libs/wifi/src"
mount from "/fwbuild-volumes/2.10.2/apps/ESP8266MOSBlynk/esp8266/build_contexts/build_ctx_789929979/libs/wifi/esp8266/src" to "/fwbuild-volumes/2.10.2/apps/ESP8266MOSBlynk/esp8266/build_contexts/build_ctx_789929979/libs/wifi/esp8266/src"
mount from "/fwbuild-volumes/2.10.2/apps/ESP8266MOSBlynk/esp8266/build_contexts/build_ctx_789929979/libs/i2c/include" to "/fwbuild-volumes/2.10.2/apps/ESP8266MOSBlynk/esp8266/build_contexts/build_ctx_789929979/libs/i2c/include"
mount from "/fwbuild-volumes/2.10.2/apps/ESP8266MOSBlynk/esp8266/build_contexts/build_ctx_789929979/libs/atca/include" to "/fwbuild-volumes/2.10.2/apps/ESP8266MOSBlynk/esp8266/build_contexts/build_ctx_789929979/libs/atca/include"
mount from "/fwbuild-volumes/2.10.2/apps/ESP8266MOSBlynk/esp8266/build_contexts/build_ctx_789929979/libs/atca/cryptoauthlib/lib" to "/fwbuild-volumes/2.10.2/apps/ESP8266MOSBlynk/esp8266/build_contexts/build_ctx_789929979/libs/atca/cryptoauthlib/lib"
mount from "/fwbuild-volumes/2.10.2/apps/ESP8266MOSBlynk/esp8266/build_contexts/build_ctx_789929979/libs/mbedtls/include" to "/fwbuild-volumes/2.10.2/apps/ESP8266MOSBlynk/esp8266/build_contexts/build_ctx_789929979/libs/mbedtls/include"
mount from "/fwbuild-volumes/2.10.2/apps/ESP8266MOSBlynk/esp8266/build_contexts/build_ctx_789929979/libs/mbedtls/include/esp8266" to "/fwbuild-volumes/2.10.2/apps/ESP8266MOSBlynk/esp8266/build_contexts/build_ctx_789929979/libs/mbedtls/include/esp8266"
mount from "/fwbuild-volumes/2.10.2/apps/ESP8266MOSBlynk/esp8266/build_contexts/build_ctx_789929979/libs/mbedtls/mbedtls/include" to "/fwbuild-volumes/2.10.2/apps/ESP8266MOSBlynk/esp8266/build_contexts/build_ctx_789929979/libs/mbedtls/mbedtls/include"
mount from "/fwbuild-volumes/2.10.2/apps/ESP8266MOSBlynk/esp8266/build_contexts/build_ctx_789929979/libs/vfs-common/include" to "/fwbuild-volumes/2.10.2/apps/ESP8266MOSBlynk/esp8266/build_contexts/build_ctx_789929979/libs/vfs-common/include"
mount from "/fwbuild-volumes/2.10.2/apps/ESP8266MOSBlynk/esp8266/build_contexts/build_ctx_789929979/libs/vfs-common/include/esp8266" to "/fwbuild-volumes/2.10.2/apps/ESP8266MOSBlynk/esp8266/build_contexts/build_ctx_789929979/libs/vfs-common/include/esp8266"
mount from "/fwbuild-volumes/2.10.2/apps/ESP8266MOSBlynk/esp8266/build_contexts/build_ctx_789929979/libs/mongoose/include" to "/fwbuild-volumes/2.10.2/apps/ESP8266MOSBlynk/esp8266/build_contexts/build_ctx_789929979/libs/mongoose/include"
mount from "/fwbuild-volumes/2.10.2/apps/ESP8266MOSBlynk/esp8266/build_contexts/build_ctx_789929979/libs/vfs-dev-part/include" to "/fwbuild-volumes/2.10.2/apps/ESP8266MOSBlynk/esp8266/build_contexts/build_ctx_789929979/libs/vfs-dev-part/include"
mount from "/fwbuild-volumes/2.10.2/apps/ESP8266MOSBlynk/esp8266/build_contexts/build_ctx_789929979/libs/vfs-fs-spiffs/include" to "/fwbuild-volumes/2.10.2/apps/ESP8266MOSBlynk/esp8266/build_contexts/build_ctx_789929979/libs/vfs-fs-spiffs/include"
mount from "/fwbuild-volumes/2.10.2/apps/ESP8266MOSBlynk/esp8266/build_contexts/build_ctx_789929979/libs/vfs-fs-spiffs/include/spiffs" to "/fwbuild-volumes/2.10.2/apps/ESP8266MOSBlynk/esp8266/build_contexts/build_ctx_789929979/libs/vfs-fs-spiffs/include/spiffs"
mount from "/fwbuild-volumes/2.10.2/apps/ESP8266MOSBlynk/esp8266/build_contexts/build_ctx_789929979/libs/vfs-fs-spiffs/include/esp8266" to "/fwbuild-volumes/2.10.2/apps/ESP8266MOSBlynk/esp8266/build_contexts/build_ctx_789929979/libs/vfs-fs-spiffs/include/esp8266"
mount from "/fwbuild-volumes/2.10.2/apps/ESP8266MOSBlynk/esp8266/build_contexts/build_ctx_789929979/libs/core/include" to "/fwbuild-volumes/2.10.2/apps/ESP8266MOSBlynk/esp8266/build_contexts/build_ctx_789929979/libs/core/include"
mount from "/fwbuild-volumes/2.10.2/apps/ESP8266MOSBlynk/esp8266/build_contexts/build_ctx_789929979/libs/core/include/esp8266" to "/fwbuild-volumes/2.10.2/apps/ESP8266MOSBlynk/esp8266/build_contexts/build_ctx_789929979/libs/core/include/esp8266"
mount from "/fwbuild-volumes/2.10.2/apps/ESP8266MOSBlynk/esp8266/build_contexts/build_ctx_789929979/libs/blynk/include" to "/fwbuild-volumes/2.10.2/apps/ESP8266MOSBlynk/esp8266/build_contexts/build_ctx_789929979/libs/blynk/include"
mount from "/fwbuild-volumes/2.10.2/apps/ESP8266MOSBlynk/esp8266/build_contexts/build_ctx_789929979/libs/http-server/include" to "/fwbuild-volumes/2.10.2/apps/ESP8266MOSBlynk/esp8266/build_contexts/build_ctx_789929979/libs/http-server/include"
mount from "/fwbuild-volumes/2.10.2/apps/ESP8266MOSBlynk/esp8266/build_contexts/build_ctx_789929979/libs/rpc-common/include" to "/fwbuild-volumes/2.10.2/apps/ESP8266MOSBlynk/esp8266/build_contexts/build_ctx_789929979/libs/rpc-common/include"
mount from "/fwbuild-volumes/2.10.2/apps/ESP8266MOSBlynk/esp8266/build_contexts/build_ctx_789929979/libs/rpc-service-config/include" to "/fwbuild-volumes/2.10.2/apps/ESP8266MOSBlynk/esp8266/build_contexts/build_ctx_789929979/libs/rpc-service-config/include"
mount from "/fwbuild-volumes/2.10.2/apps/ESP8266MOSBlynk/esp8266/build_contexts/build_ctx_789929979/libs/rpc-service-fs/include" to "/fwbuild-volumes/2.10.2/apps/ESP8266MOSBlynk/esp8266/build_contexts/build_ctx_789929979/libs/rpc-service-fs/include"
mount from "/fwbuild-volumes/2.10.2/apps/ESP8266MOSBlynk/esp8266/build_contexts/build_ctx_789929979/libs/rpc-service-i2c/include" to "/fwbuild-volumes/2.10.2/apps/ESP8266MOSBlynk/esp8266/build_contexts/build_ctx_789929979/libs/rpc-service-i2c/include"
mount from "/fwbuild-volumes/2.10.2/apps/ESP8266MOSBlynk/esp8266/build_contexts/build_ctx_789929979/libs/rpc-uart/include" to "/fwbuild-volumes/2.10.2/apps/ESP8266MOSBlynk/esp8266/build_contexts/build_ctx_789929979/libs/rpc-uart/include"
mount from "/fwbuild-volumes/2.10.2/apps/ESP8266MOSBlynk/esp8266/build_contexts/build_ctx_789929979/libs/wifi/include" to "/fwbuild-volumes/2.10.2/apps/ESP8266MOSBlynk/esp8266/build_contexts/build_ctx_789929979/libs/wifi/include"
mount from "/fwbuild-volumes/2.10.2/apps/ESP8266MOSBlynk/esp8266/build_contexts/build_ctx_789929979/libs/ca-bundle/fs" to "/fwbuild-volumes/2.10.2/apps/ESP8266MOSBlynk/esp8266/build_contexts/build_ctx_789929979/libs/ca-bundle/fs"
mount from "/fwbuild-volumes/2.10.2/apps/ESP8266MOSBlynk/esp8266/build_contexts/build_ctx_789929979/libs/wifi-setup-web-ui/fs" to "/fwbuild-volumes/2.10.2/apps/ESP8266MOSBlynk/esp8266/build_contexts/build_ctx_789929979/libs/wifi-setup-web-ui/fs"
mount from "/fwbuild-volumes/2.10.2/apps/ESP8266MOSBlynk/esp8266/build_contexts/build_ctx_789929979/libs/mbedtls/lib/esp8266" to "/fwbuild-volumes/2.10.2/apps/ESP8266MOSBlynk/esp8266/build_contexts/build_ctx_789929979/libs/mbedtls/lib/esp8266"
mount from "/fwbuild-volumes/2.10.2/apps/ESP8266MOSBlynk/esp8266/build_contexts/build_ctx_789929979/libs/mongoose/lib/esp8266" to "/fwbuild-volumes/2.10.2/apps/ESP8266MOSBlynk/esp8266/build_contexts/build_ctx_789929979/libs/mongoose/lib/esp8266"
mount from "/fwbuild-volumes/2.10.2/apps/ESP8266MOSBlynk/esp8266/build_contexts/build_ctx_789929979/build/gen" to "/fwbuild-volumes/2.10.2/apps/ESP8266MOSBlynk/esp8266/build_contexts/build_ctx_789929979/build/gen"
Docker arguments: run --name mos_build_2019-01-09T13-10-22-00_2152647650156345470 --rm -i -v /fwbuild-volumes/2.10.2/apps/ESP8266MOSBlynk/esp8266/build_contexts/build_ctx_789929979/src:/fwbuild-volumes/2.10.2/apps/ESP8266MOSBlynk/esp8266/build_contexts/build_ctx_789929979/src -v /fwbuild-volumes/2.10.2/apps/ESP8266MOSBlynk/esp8266/build_contexts/build_ctx_789929979/libs/atca/cryptoauthlib/lib/hal:/fwbuild-volumes/2.10.2/apps/ESP8266MOSBlynk/esp8266/build_contexts/build_ctx_789929979/libs/atca/cryptoauthlib/lib/hal -v /fwbuild-volumes/2.10.2/apps/ESP8266MOSBlynk/esp8266/build_contexts/build_ctx_789929979/libs/mbedtls/include/esp8266:/fwbuild-volumes/2.10.2/apps/ESP8266MOSBlynk/esp8266/build_contexts/build_ctx_789929979/libs/mbedtls/include/esp8266 -v /fwbuild-volumes/2.10.2/apps/ESP8266MOSBlynk/esp8266/build_contexts/build_ctx_789929979/libs/mbedtls/lib/esp8266:/fwbuild-volumes/2.10.2/apps/ESP8266MOSBlynk/esp8266/build_contexts/build_ctx_789929979/libs/mbedtls/lib/esp8266 -v /fwbuild-volumes/2.10.2/apps/ESP8266MOSBlynk/esp8266/build_contexts/build_ctx_789929979/libs/rpc-service-atca/src:/fwbuild-volumes/2.10.2/apps/ESP8266MOSBlynk/esp8266/build_contexts/build_ctx_789929979/libs/rpc-service-atca/src -v /fwbuild-volumes/2.10.2/apps/ESP8266MOSBlynk/esp8266/build_contexts/build_ctx_789929979/libs/vfs-common/include/esp8266:/fwbuild-volumes/2.10.2/apps/ESP8266MOSBlynk/esp8266/build_contexts/build_ctx_789929979/libs/vfs-common/include/esp8266 -v /fwbuild-volumes/2.10.2/apps/ESP8266MOSBlynk/esp8266/build_contexts/build_ctx_789929979/libs/rpc-uart/include:/fwbuild-volumes/2.10.2/apps/ESP8266MOSBlynk/esp8266/build_contexts/build_ctx_789929979/libs/rpc-uart/include -v /fwbuild-volumes/2.10.2/apps/ESP8266MOSBlynk/esp8266/build_contexts/build_ctx_789929979/libs/mongoose/lib/esp8266:/fwbuild-volumes/2.10.2/apps/ESP8266MOSBlynk/esp8266/build_contexts/build_ctx_789929979/libs/mongoose/lib/esp8266 -v /fwbuild-volumes/2.10.2/apps/ESP8266MOSBlynk/esp8266/build_contexts/build_ctx_789929979/libs/atca/src:/fwbuild-volumes/2.10.2/apps/ESP8266MOSBlynk/esp8266/build_contexts/build_ctx_789929979/libs/atca/src -v /fwbuild-volumes/2.10.2/apps/ESP8266MOSBlynk/esp8266/build_contexts/build_ctx_789929979/libs/atca/cryptoauthlib/lib/host:/fwbuild-volumes/2.10.2/apps/ESP8266MOSBlynk/esp8266/build_contexts/build_ctx_789929979/libs/atca/cryptoauthlib/lib/host -v /fwbuild-volumes/2.10.2/apps/ESP8266MOSBlynk/esp8266/build_contexts/build_ctx_789929979/libs/rpc-uart/src:/fwbuild-volumes/2.10.2/apps/ESP8266MOSBlynk/esp8266/build_contexts/build_ctx_789929979/libs/rpc-uart/src -v /fwbuild-volumes/2.10.2/apps/ESP8266MOSBlynk/esp8266/build_contexts/build_ctx_789929979/libs/core/include/esp8266:/fwbuild-volumes/2.10.2/apps/ESP8266MOSBlynk/esp8266/build_contexts/build_ctx_789929979/libs/core/include/esp8266 -v /fwbuild-volumes/2.10.2/apps/ESP8266MOSBlynk/esp8266/build_contexts/build_ctx_789929979/libs/http-server/src:/fwbuild-volumes/2.10.2/apps/ESP8266MOSBlynk/esp8266/build_contexts/build_ctx_789929979/libs/http-server/src -v /fwbuild-volumes/2.10.2/apps/ESP8266MOSBlynk/esp8266/build_contexts/build_ctx_789929979/libs/rpc-service-i2c/src:/fwbuild-volumes/2.10.2/apps/ESP8266MOSBlynk/esp8266/build_contexts/build_ctx_789929979/libs/rpc-service-i2c/src -v /fwbuild-volumes/2.10.2/apps/ESP8266MOSBlynk/esp8266/build_contexts/build_ctx_789929979/libs/wifi/src:/fwbuild-volumes/2.10.2/apps/ESP8266MOSBlynk/esp8266/build_contexts/build_ctx_789929979/libs/wifi/src -v /fwbuild-volumes/2.10.2/apps/ESP8266MOSBlynk/esp8266/build_contexts/build_ctx_789929979/libs/mbedtls/include:/fwbuild-volumes/2.10.2/apps/ESP8266MOSBlynk/esp8266/build_contexts/build_ctx_789929979/libs/mbedtls/include -v /fwbuild-volumes/2.10.2/apps/ESP8266MOSBlynk/esp8266/build_contexts/build_ctx_789929979/libs/vfs-fs-spiffs/include/esp8266:/fwbuild-volumes/2.10.2/apps/ESP8266MOSBlynk/esp8266/build_contexts/build_ctx_789929979/libs/vfs-fs-spiffs/include/esp8266 -v /fwbuild-volumes/2.10.2/apps/ESP8266MOSBlynk/esp8266/build_contexts/build_ctx_789929979/libs/vfs-common/src/esp8266:/fwbuild-volumes/2.10.2/apps/ESP8266MOSBlynk/esp8266/build_contexts/build_ctx_789929979/libs/vfs-common/src/esp8266 -v /fwbuild-volumes/2.10.2/apps/ESP8266MOSBlynk/esp8266/build_contexts/build_ctx_789929979/libs/vfs-fs-spiffs/src:/fwbuild-volumes/2.10.2/apps/ESP8266MOSBlynk/esp8266/build_contexts/build_ctx_789929979/libs/vfs-fs-spiffs/src -v /fwbuild-volumes/2.10.2/apps/ESP8266MOSBlynk/esp8266/build_contexts/build_ctx_789929979/libs/blynk/src:/fwbuild-volumes/2.10.2/apps/ESP8266MOSBlynk/esp8266/build_contexts/build_ctx_789929979/libs/blynk/src -v /fwbuild-volumes/2.10.2/apps/ESP8266MOSBlynk/esp8266/build_contexts/build_ctx_789929979/libs/mbedtls/mbedtls/include:/fwbuild-volumes/2.10.2/apps/ESP8266MOSBlynk/esp8266/build_contexts/build_ctx_789929979/libs/mbedtls/mbedtls/include -v /fwbuild-volumes/2.10.2/apps/ESP8266MOSBlynk/esp8266/build_contexts/build_ctx_789929979/libs/atca/cryptoauthlib/lib:/fwbuild-volumes/2.10.2/apps/ESP8266MOSBlynk/esp8266/build_contexts/build_ctx_789929979/libs/atca/cryptoauthlib/lib -v /fwbuild-volumes/2.10.2/apps/ESP8266MOSBlynk/esp8266/build_contexts/build_ctx_789929979/libs/vfs-fs-spiffs/src/spiffs:/fwbuild-volumes/2.10.2/apps/ESP8266MOSBlynk/esp8266/build_contexts/build_ctx_789929979/libs/vfs-fs-spiffs/src/spiffs -v /fwbuild-volumes/2.10.2/apps/ESP8266MOSBlynk/esp8266/build_contexts/build_ctx_789929979/libs/rpc-service-config/src:/fwbuild-volumes/2.10.2/apps/ESP8266MOSBlynk/esp8266/build_contexts/build_ctx_789929979/libs/rpc-service-config/src -v /fwbuild-volumes/2.10.2/apps/ESP8266MOSBlynk/esp8266/build_contexts/build_ctx_789929979/libs/ca-bundle/fs:/fwbuild-volumes/2.10.2/apps/ESP8266MOSBlynk/esp8266/build_contexts/build_ctx_789929979/libs/ca-bundle/fs -v /fwbuild-volumes/2.10.2/apps/ESP8266MOSBlynk/esp8266/build_contexts/build_ctx_789929979/build/gen:/fwbuild-volumes/2.10.2/apps/ESP8266MOSBlynk/esp8266/build_contexts/build_ctx_789929979/build/gen -v /fwbuild-volumes/2.10.2/apps/ESP8266MOSBlynk/esp8266/build_contexts/build_ctx_789929979/libs/http-server/include:/fwbuild-volumes/2.10.2/apps/ESP8266MOSBlynk/esp8266/build_contexts/build_ctx_789929979/libs/http-server/include -v /fwbuild-volumes/2.10.2/apps/ESP8266MOSBlynk/esp8266/build_contexts/build_ctx_789929979:/app -v /fwbuild-volumes/2.10.2/apps/ESP8266MOSBlynk/esp8266/build_contexts/build_ctx_789929979/libs/vfs-common/src:/fwbuild-volumes/2.10.2/apps/ESP8266MOSBlynk/esp8266/build_contexts/build_ctx_789929979/libs/vfs-common/src -v /fwbuild-volumes/2.10.2/apps/ESP8266MOSBlynk/esp8266/build_contexts/build_ctx_789929979/libs/core/src:/fwbuild-volumes/2.10.2/apps/ESP8266MOSBlynk/esp8266/build_contexts/build_ctx_789929979/libs/core/src -v /fwbuild-volumes/2.10.2/apps/ESP8266MOSBlynk/esp8266/build_contexts/build_ctx_789929979/libs/blynk/include:/fwbuild-volumes/2.10.2/apps/ESP8266MOSBlynk/esp8266/build_contexts/build_ctx_789929979/libs/blynk/include -v /fwbuild-volumes/2.10.2/apps/ESP8266MOSBlynk/esp8266/build_contexts/build_ctx_789929979/libs/atca/cryptoauthlib/lib/basic:/fwbuild-volumes/2.10.2/apps/ESP8266MOSBlynk/esp8266/build_contexts/build_ctx_789929979/libs/atca/cryptoauthlib/lib/basic -v /fwbuild-volumes/2.10.2/apps/ESP8266MOSBlynk/esp8266/build_contexts/build_ctx_789929979/libs/wifi/esp8266/src:/fwbuild-volumes/2.10.2/apps/ESP8266MOSBlynk/esp8266/build_contexts/build_ctx_789929979/libs/wifi/esp8266/src -v /fwbuild-volumes/2.10.2/apps/ESP8266MOSBlynk/esp8266/build_contexts/build_ctx_789929979/libs/vfs-dev-part/include:/fwbuild-volumes/2.10.2/apps/ESP8266MOSBlynk/esp8266/build_contexts/build_ctx_789929979/libs/vfs-dev-part/include -v /fwbuild-volumes/2.10.2/apps/ESP8266MOSBlynk/esp8266/build_contexts/build_ctx_789929979/libs/rpc-service-fs/include:/fwbuild-volumes/2.10.2/apps/ESP8266MOSBlynk/esp8266/build_contexts/build_ctx_789929979/libs/rpc-service-fs/include -v /fwbuild-volumes/2.10.2/apps/ESP8266MOSBlynk/esp8266/build_contexts/build_ctx_789929979/modules/mongoose-os:/fwbuild-volumes/2.10.2/apps/ESP8266MOSBlynk/esp8266/build_contexts/build_ctx_789929979/modules/mongoose-os -v /fwbuild-volumes/2.10.2/apps/ESP8266MOSBlynk/esp8266/build_contexts/build_ctx_789929979/libs/i2c/src/common_gpio:/fwbuild-volumes/2.10.2/apps/ESP8266MOSBlynk/esp8266/build_contexts/build_ctx_789929979/libs/i2c/src/common_gpio -v /fwbuild-volumes/2.10.2/apps/ESP8266MOSBlynk/esp8266/build_contexts/build_ctx_789929979/libs/wifi/include:/fwbuild-volumes/2.10.2/apps/ESP8266MOSBlynk/esp8266/build_contexts/build_ctx_789929979/libs/wifi/include -v /fwbuild-volumes/2.10.2/apps/ESP8266MOSBlynk/esp8266/build_contexts/build_ctx_789929979/libs/i2c/include:/fwbuild-volumes/2.10.2/apps/ESP8266MOSBlynk/esp8266/build_contexts/build_ctx_789929979/libs/i2c/include -v /fwbuild-volumes/2.10.2/apps/ESP8266MOSBlynk/esp8266/build_contexts/build_ctx_789929979/libs/rpc-common/include:/fwbuild-volumes/2.10.2/apps/ESP8266MOSBlynk/esp8266/build_contexts/build_ctx_789929979/libs/rpc-common/include -v /fwbuild-volumes/2.10.2/apps/ESP8266MOSBlynk/esp8266/build_contexts/build_ctx_789929979/libs/rpc-service-i2c/include:/fwbuild-volumes/2.10.2/apps/ESP8266MOSBlynk/esp8266/build_contexts/build_ctx_789929979/libs/rpc-service-i2c/include -v /fwbuild-volumes/2.10.2/apps/ESP8266MOSBlynk/esp8266/build_contexts/build_ctx_789929979/libs/wifi-setup-web-ui/fs:/fwbuild-volumes/2.10.2/apps/ESP8266MOSBlynk/esp8266/build_contexts/build_ctx_789929979/libs/wifi-setup-web-ui/fs -v /fwbuild-volumes/2.10.2/apps/ESP8266MOSBlynk/esp8266/build_contexts/build_ctx_789929979/modules/mongoose-os:/mongoose-os -v /fwbuild-volumes/2.10.2/apps/ESP8266MOSBlynk/esp8266/build_contexts/build_ctx_789929979/libs/atca/cryptoauthlib/lib/crypto:/fwbuild-volumes/2.10.2/apps/ESP8266MOSBlynk/esp8266/build_contexts/build_ctx_789929979/libs/atca/cryptoauthlib/lib/crypto -v /fwbuild-volumes/2.10.2/apps/ESP8266MOSBlynk/esp8266/build_contexts/build_ctx_789929979/libs/core/src/esp8266:/fwbuild-volumes/2.10.2/apps/ESP8266MOSBlynk/esp8266/build_contexts/build_ctx_789929979/libs/core/src/esp8266 -v /fwbuild-volumes/2.10.2/apps/ESP8266MOSBlynk/esp8266/build_contexts/build_ctx_789929979/libs/rpc-service-fs/src:/fwbuild-volumes/2.10.2/apps/ESP8266MOSBlynk/esp8266/build_contexts/build_ctx_789929979/libs/rpc-service-fs/src -v /fwbuild-volumes/2.10.2/apps/ESP8266MOSBlynk/esp8266/build_contexts/build_ctx_789929979/libs/i2c/src:/fwbuild-volumes/2.10.2/apps/ESP8266MOSBlynk/esp8266/build_contexts/build_ctx_789929979/libs/i2c/src -v /fwbuild-volumes/2.10.2/apps/ESP8266MOSBlynk/esp8266/build_contexts/build_ctx_789929979/libs/core/include:/fwbuild-volumes/2.10.2/apps/ESP8266MOSBlynk/esp8266/build_contexts/build_ctx_789929979/libs/core/include -v /fwbuild-volumes/2.10.2/apps/ESP8266MOSBlynk/esp8266/build_contexts/build_ctx_789929979/build:/fwbuild-volumes/2.10.2/apps/ESP8266MOSBlynk/esp8266/build_contexts/build_ctx_789929979/build -v /fwbuild-volumes/2.10.2/apps/ESP8266MOSBlynk/esp8266/build_contexts/build_ctx_789929979/libs/vfs-dev-part/src:/fwbuild-volumes/2.10.2/apps/ESP8266MOSBlynk/esp8266/build_contexts/build_ctx_789929979/libs/vfs-dev-part/src -v /fwbuild-volumes/2.10.2/apps/ESP8266MOSBlynk/esp8266/build_contexts/build_ctx_789929979/libs/mongoose/include:/fwbuild-volumes/2.10.2/apps/ESP8266MOSBlynk/esp8266/build_contexts/build_ctx_789929979/libs/mongoose/include -v /fwbuild-volumes/2.10.2/apps/ESP8266MOSBlynk/esp8266/build_contexts/build_ctx_789929979/libs/vfs-fs-spiffs/include:/fwbuild-volumes/2.10.2/apps/ESP8266MOSBlynk/esp8266/build_contexts/build_ctx_789929979/libs/vfs-fs-spiffs/include -v /fwbuild-volumes/2.10.2/apps/ESP8266MOSBlynk/esp8266/build_contexts/build_ctx_789929979/libs/rpc-service-config/include:/fwbuild-volumes/2.10.2/apps/ESP8266MOSBlynk/esp8266/build_contexts/build_ctx_789929979/libs/rpc-service-config/include -v /fwbuild-volumes/2.10.2/apps/ESP8266MOSBlynk/esp8266/build_contexts/build_ctx_789929979/libs/rpc-common/src:/fwbuild-volumes/2.10.2/apps/ESP8266MOSBlynk/esp8266/build_contexts/build_ctx_789929979/libs/rpc-common/src -v /fwbuild-volumes/2.10.2/apps/ESP8266MOSBlynk/esp8266/build_contexts/build_ctx_789929979/libs/atca/include:/fwbuild-volumes/2.10.2/apps/ESP8266MOSBlynk/esp8266/build_contexts/build_ctx_789929979/libs/atca/include -v /fwbuild-volumes/2.10.2/apps/ESP8266MOSBlynk/esp8266/build_contexts/build_ctx_789929979/libs/vfs-common/include:/fwbuild-volumes/2.10.2/apps/ESP8266MOSBlynk/esp8266/build_contexts/build_ctx_789929979/libs/vfs-common/include -v /fwbuild-volumes/2.10.2/apps/ESP8266MOSBlynk/esp8266/build_contexts/build_ctx_789929979/libs/vfs-fs-spiffs/include/spiffs:/fwbuild-volumes/2.10.2/apps/ESP8266MOSBlynk/esp8266/build_contexts/build_ctx_789929979/libs/vfs-fs-spiffs/include/spiffs --user 0:0 docker.io/mgos/esp8266-build:2.2.1-1.5.0-r4 /bin/bash -c nice make '-j' '8' '-C' '/app' '-f' '/mongoose-os/fw/platforms/esp8266/Makefile.build' 'all' 'MGOS_VARS_FILE=/fwbuild-volumes/2.10.2/apps/ESP8266MOSBlynk/esp8266/build_contexts/build_ctx_789929979/build/gen/vars.mk'
make: Entering directory '/app'
  MKDIR /fwbuild-volumes/2.10.2/apps/ESP8266MOSBlynk/esp8266/build_contexts/build_ctx_789929979/build/fw
  MKDIR /fwbuild-volumes/2.10.2/apps/ESP8266MOSBlynk/esp8266/build_contexts/build_ctx_789929979/build/objs
  MKDIR /fwbuild-volumes/2.10.2/apps/ESP8266MOSBlynk/esp8266/build_contexts/build_ctx_789929979/build/objs/fw_temp
  GEN   /fwbuild-volumes/2.10.2/apps/ESP8266MOSBlynk/esp8266/build_contexts/build_ctx_789929979/build/gen/mgos_config.c
CC esptool2.c
gcc -O2 -Wall -c esptool2.c -o /fwbuild-volumes/2.10.2/apps/ESP8266MOSBlynk/esp8266/build_contexts/build_ctx_789929979/build/objs/esptool2.o
CC esptool2_elf.c
gcc -O2 -Wall -c esptool2_elf.c -o /fwbuild-volumes/2.10.2/apps/ESP8266MOSBlynk/esp8266/build_contexts/build_ctx_789929979/build/objs/esptool2_elf.o
  GEN   /fwbuild-volumes/2.10.2/apps/ESP8266MOSBlynk/esp8266/build_contexts/build_ctx_789929979/build/gen/mgos_ro_vars.c
  GEN   /fwbuild-volumes/2.10.2/apps/ESP8266MOSBlynk/esp8266/build_contexts/build_ctx_789929979/build/gen/ffi_exports.c
make[1]: Entering directory '/app'
make[1]: warning: -jN forced in submake: disabling jobserver mode.
  GEN   /mongoose-os/fw/platforms/esp8266/ld/non_os.ld (0xd2ff0 @ 0x40208010) -> /fwbuild-volumes/2.10.2/apps/ESP8266MOSBlynk/esp8266/build_contexts/build_ctx_789929979/build/gen/0x8000.ld
  CC    ./src/netif/etharp.c
  CC    ./src/core/dhcp.c
  CC    ./src/core/mem.c
  CC    ./src/core/sys_arch.c
  CC    ./src/core/mdns.c
  CC    ./src/core/init.c
  CC    ./src/core/memp.c
  CC    ./src/core/sys.c
  CC    ./src/core/tcp.c
  CC    ./src/core/dns.c
LD /fwbuild-volumes/2.10.2/apps/ESP8266MOSBlynk/esp8266/build_contexts/build_ctx_789929979/build/objs/esptool2
gcc -o /fwbuild-volumes/2.10.2/apps/ESP8266MOSBlynk/esp8266/build_contexts/build_ctx_789929979/build/objs/esptool2 /fwbuild-volumes/2.10.2/apps/ESP8266MOSBlynk/esp8266/build_contexts/build_ctx_789929979/build/objs/esptool2.o /fwbuild-volumes/2.10.2/apps/ESP8266MOSBlynk/esp8266/build_contexts/build_ctx_789929979/build/objs/esptool2_elf.o
  CC    ./src/core/raw.c
  CC    /mongoose-os/fw/platforms/esp8266/src/esp_cache.c
  CC    /fwbuild-volumes/2.10.2/apps/ESP8266MOSBlynk/esp8266/build_contexts/build_ctx_789929979/src/main.c
CC rboot-stage2a.c
  CC    /fwbuild-volumes/2.10.2/apps/ESP8266MOSBlynk/esp8266/build_contexts/build_ctx_789929979/build/gen/mgos_deps_init.c
  CC    /fwbuild-volumes/2.10.2/apps/ESP8266MOSBlynk/esp8266/build_contexts/build_ctx_789929979/libs/i2c/src/mgos_i2c.c
LD /fwbuild-volumes/2.10.2/apps/ESP8266MOSBlynk/esp8266/build_contexts/build_ctx_789929979/build/objs/rboot/rboot-stage2a.elf
  CC    ./src/core/tcp_in.c
  CC    /fwbuild-volumes/2.10.2/apps/ESP8266MOSBlynk/esp8266/build_contexts/build_ctx_789929979/libs/i2c/src/common_gpio/mgos_i2c_gpio.c
  CC    /fwbuild-volumes/2.10.2/apps/ESP8266MOSBlynk/esp8266/build_contexts/build_ctx_789929979/libs/atca/src/mgos_atca.c
  CC    /fwbuild-volumes/2.10.2/apps/ESP8266MOSBlynk/esp8266/build_contexts/build_ctx_789929979/libs/atca/cryptoauthlib/lib/atca_cfgs.c
  CC    ./src/core/sntp.c
E2 /fwbuild-volumes/2.10.2/apps/ESP8266MOSBlynk/esp8266/build_contexts/build_ctx_789929979/build/gen/rboot-hex2a.h
CC rboot.c
  CC    /fwbuild-volumes/2.10.2/apps/ESP8266MOSBlynk/esp8266/build_contexts/build_ctx_789929979/libs/atca/cryptoauthlib/lib/atca_command.c
  CC    /fwbuild-volumes/2.10.2/apps/ESP8266MOSBlynk/esp8266/build_contexts/build_ctx_789929979/libs/atca/cryptoauthlib/lib/atca_device.c
  CC    /fwbuild-volumes/2.10.2/apps/ESP8266MOSBlynk/esp8266/build_contexts/build_ctx_789929979/libs/atca/cryptoauthlib/lib/atca_iface.c
LD /fwbuild-volumes/2.10.2/apps/ESP8266MOSBlynk/esp8266/build_contexts/build_ctx_789929979/build/objs/rboot/rboot.elf
E2 /fwbuild-volumes/2.10.2/apps/ESP8266MOSBlynk/esp8266/build_contexts/build_ctx_789929979/build/objs/rboot/rboot.bin
  CC    /fwbuild-volumes/2.10.2/apps/ESP8266MOSBlynk/esp8266/build_contexts/build_ctx_789929979/libs/atca/cryptoauthlib/lib/basic/atca_basic.c
  CC    /fwbuild-volumes/2.10.2/apps/ESP8266MOSBlynk/esp8266/build_contexts/build_ctx_789929979/libs/atca/cryptoauthlib/lib/basic/atca_helpers.c
  CC    /fwbuild-volumes/2.10.2/apps/ESP8266MOSBlynk/esp8266/build_contexts/build_ctx_789929979/libs/atca/cryptoauthlib/lib/host/atca_host.c
  CC    ./src/core/pbuf.c
  CC    /fwbuild-volumes/2.10.2/apps/ESP8266MOSBlynk/esp8266/build_contexts/build_ctx_789929979/libs/vfs-common/src/mgos_vfs.c
  CC    /fwbuild-volumes/2.10.2/apps/ESP8266MOSBlynk/esp8266/build_contexts/build_ctx_789929979/libs/vfs-common/src/mgos_vfs_dev.c
  CC    ./src/core/netif.c
  CC    /fwbuild-volumes/2.10.2/apps/ESP8266MOSBlynk/esp8266/build_contexts/build_ctx_789929979/libs/vfs-common/src/mgos_vfs_internal.c
  CC    ./src/core/stats.c
  CC    /fwbuild-volumes/2.10.2/apps/ESP8266MOSBlynk/esp8266/build_contexts/build_ctx_789929979/libs/vfs-common/src/esp8266/esp_flash_writer.c
  CC    /fwbuild-volumes/2.10.2/apps/ESP8266MOSBlynk/esp8266/build_contexts/build_ctx_789929979/libs/vfs-common/src/esp8266/esp_fs.c
  CC    /fwbuild-volumes/2.10.2/apps/ESP8266MOSBlynk/esp8266/build_contexts/build_ctx_789929979/libs/vfs-common/src/esp8266/esp_vfs_dev_sysflash.c
  CC    ./src/core/timers.c
  CC    ./src/core/def.c
  CC    ./src/core/udp.c
  CC    /fwbuild-volumes/2.10.2/apps/ESP8266MOSBlynk/esp8266/build_contexts/build_ctx_789929979/libs/vfs-dev-part/src/mgos_vfs_dev_part.c
  CC    /fwbuild-volumes/2.10.2/apps/ESP8266MOSBlynk/esp8266/build_contexts/build_ctx_789929979/libs/vfs-fs-spiffs/src/mgos_vfs_fs_spiffs.c
  CC    ./src/core/tcp_out.c
  CC    /fwbuild-volumes/2.10.2/apps/ESP8266MOSBlynk/esp8266/build_contexts/build_ctx_789929979/libs/vfs-fs-spiffs/src/spiffs/spiffs_cache.c
  CC    ./src/core/ipv4/ip_frag.c
  CC    ./src/core/ipv4/inet.c
  CC    /fwbuild-volumes/2.10.2/apps/ESP8266MOSBlynk/esp8266/build_contexts/build_ctx_789929979/libs/vfs-fs-spiffs/src/spiffs/spiffs_check.c
  CC    ./src/core/ipv4/ip_addr.c
  CC    /fwbuild-volumes/2.10.2/apps/ESP8266MOSBlynk/esp8266/build_contexts/build_ctx_789929979/libs/vfs-fs-spiffs/src/spiffs/spiffs_gc.c
  CC    ./src/core/ipv4/igmp.c
  CC    /fwbuild-volumes/2.10.2/apps/ESP8266MOSBlynk/esp8266/build_contexts/build_ctx_789929979/libs/vfs-fs-spiffs/src/spiffs/spiffs_hydrogen.c
  CC    /fwbuild-volumes/2.10.2/apps/ESP8266MOSBlynk/esp8266/build_contexts/build_ctx_789929979/libs/vfs-fs-spiffs/src/spiffs/spiffs_nucleus.c
  CC    ./src/core/ipv4/ip.c
  CC    /fwbuild-volumes/2.10.2/apps/ESP8266MOSBlynk/esp8266/build_contexts/build_ctx_789929979/libs/core/src/mgos_core.c
  CC    ./src/core/ipv4/autoip.c
  CC    ./src/core/ipv4/inet_chksum.c
  CC    /fwbuild-volumes/2.10.2/apps/ESP8266MOSBlynk/esp8266/build_contexts/build_ctx_789929979/libs/core/src/esp8266/esp_rboot.c
  CC    ./src/core/ipv4/icmp.c
  CC    ./src/api/api_lib.c
  CC    /fwbuild-volumes/2.10.2/apps/ESP8266MOSBlynk/esp8266/build_contexts/build_ctx_789929979/libs/blynk/src/mgos_blynk.c
  CC    ./src/api/netdb.c
  CC    /fwbuild-volumes/2.10.2/apps/ESP8266MOSBlynk/esp8266/build_contexts/build_ctx_789929979/libs/http-server/src/mgos_http_server.c
  CC    ./src/api/netifapi.c
  CC    ./src/api/tcpip.c
  CC    /fwbuild-volumes/2.10.2/apps/ESP8266MOSBlynk/esp8266/build_contexts/build_ctx_789929979/libs/rpc-common/src/mg_rpc.c
  CC    /fwbuild-volumes/2.10.2/apps/ESP8266MOSBlynk/esp8266/build_contexts/build_ctx_789929979/libs/rpc-common/src/mg_rpc_channel.c
  CC    ./src/api/err.c
  CC    ./src/api/netbuf.c
  CC    ./src/api/sockets.c
  CC    ./src/api/api_msg.c
  CC    /fwbuild-volumes/2.10.2/apps/ESP8266MOSBlynk/esp8266/build_contexts/build_ctx_789929979/libs/rpc-common/src/mg_rpc_channel_http.c
  CC    ./espressif/app/espconn.c
  CC    /fwbuild-volumes/2.10.2/apps/ESP8266MOSBlynk/esp8266/build_contexts/build_ctx_789929979/libs/rpc-common/src/mgos_rpc.c
  CC    ./espressif/app/espconn_buf.c
  CC    ./espressif/app/netio.c
  CC    ./espressif/app/espconn_tcp.c
  CC    /fwbuild-volumes/2.10.2/apps/ESP8266MOSBlynk/esp8266/build_contexts/build_ctx_789929979/libs/rpc-service-atca/src/mgos_atca_service.c
  CC    ./espressif/app/ping.c
  CC    /fwbuild-volumes/2.10.2/apps/ESP8266MOSBlynk/esp8266/build_contexts/build_ctx_789929979/libs/rpc-service-config/src/mgos_service_config.c
  CC    ./espressif/app/dhcpserver.c
  CC    /fwbuild-volumes/2.10.2/apps/ESP8266MOSBlynk/esp8266/build_contexts/build_ctx_789929979/libs/rpc-service-fs/src/mgos_service_filesystem.c
  CC    /fwbuild-volumes/2.10.2/apps/ESP8266MOSBlynk/esp8266/build_contexts/build_ctx_789929979/libs/rpc-service-i2c/src/mgos_i2c_service.c
  CC    ./espressif/app/espconn_udp.c
  CC    ./espressif/app/espconn_mdns.c
  CC    /fwbuild-volumes/2.10.2/apps/ESP8266MOSBlynk/esp8266/build_contexts/build_ctx_789929979/libs/rpc-uart/src/mgos_rpc_channel_uart.c
  CC    /fwbuild-volumes/2.10.2/apps/ESP8266MOSBlynk/esp8266/build_contexts/build_ctx_789929979/libs/wifi/src/mgos_wifi.c
  CC    /fwbuild-volumes/2.10.2/apps/ESP8266MOSBlynk/esp8266/build_contexts/build_ctx_789929979/libs/wifi/src/mjs_wifi.c
  CC    /fwbuild-volumes/2.10.2/apps/ESP8266MOSBlynk/esp8266/build_contexts/build_ctx_789929979/libs/wifi/esp8266/src/esp_wifi.c
  CC    /fwbuild-volumes/2.10.2/apps/ESP8266MOSBlynk/esp8266/build_contexts/build_ctx_789929979/build/gen/ffi_exports.c
  CC    /mongoose-os/common/cs_file.c
  CC    /mongoose-os/common/cs_rbuf.c
  CC    /mongoose-os/fw/src/mgos_config_util.c
  AR /fwbuild-volumes/2.10.2/apps/ESP8266MOSBlynk/esp8266/build_contexts/build_ctx_789929979/build/objs/lwip/liblwip_cs.a
  CC    /mongoose-os/fw/src/mgos_core_dump.c
  CC    /mongoose-os/fw/src/mgos_dlsym.c
make[1]: Leaving directory '/opt/Espressif/cs_lwip'
  CC    /mongoose-os/fw/src/mgos_event.c
  CC    /mongoose-os/fw/src/mgos_file_utils.c
  CC    /mongoose-os/fw/src/mgos_gpio.c
  CC    /mongoose-os/fw/src/mgos_hw_timers.c
  CC    /mongoose-os/fw/src/mgos_init.c
  CC    /mongoose-os/fw/src/mgos_time.c
  CC    /mongoose-os/fw/src/mgos_timers.c
  CC    /mongoose-os/fw/src/mgos_mmap_esp.c
  CC    /mongoose-os/fw/src/mgos_sys_config.c
  CC    /fwbuild-volumes/2.10.2/apps/ESP8266MOSBlynk/esp8266/build_contexts/build_ctx_789929979/build/gen/mgos_config.c
  CC    /fwbuild-volumes/2.10.2/apps/ESP8266MOSBlynk/esp8266/build_contexts/build_ctx_789929979/build/gen/mgos_ro_vars.c
  CC    /mongoose-os/fw/src/mgos_system.c
  CC    /mongoose-os/fw/src/mgos_uart.c
  CC    /mongoose-os/fw/src/mgos_utils.c
  CC    /mongoose-os/common/cs_crc32.c
  CC    /mongoose-os/common/platforms/esp8266/rboot/rboot/appcode/rboot-bigflash.c
  CC    /mongoose-os/common/platforms/esp8266/rboot/rboot/appcode/rboot-api.c
  CC    /mongoose-os/common/json_utils.c
  CC    /mongoose-os/common/umm_malloc/umm_malloc.c
  CC    /mongoose-os/frozen/frozen.c
  CC    /mongoose-os/fw/platforms/esp8266/src/esp_config.c
  CC    /mongoose-os/fw/platforms/esp8266/src/esp_coredump.c
  CC    /mongoose-os/fw/platforms/esp8266/src/esp_debug.c
  CC    /mongoose-os/fw/platforms/esp8266/src/esp_exc.c
  CC    /mongoose-os/fw/platforms/esp8266/src/esp_hal.c
  CC    /mongoose-os/fw/platforms/esp8266/src/esp_gpio.c
  CC    /mongoose-os/fw/platforms/esp8266/src/esp_heap_trace.c
  CC    /mongoose-os/fw/platforms/esp8266/src/esp_hw_timers.c
  CC    /mongoose-os/fw/platforms/esp8266/src/esp_hw_wdt.c
  CC    /mongoose-os/fw/platforms/esp8266/src/esp_libc.c
  CC    /mongoose-os/fw/platforms/esp8266/src/esp_main.c
  CC    /mongoose-os/fw/platforms/esp8266/src/esp_periph.c
  CC    /mongoose-os/fw/platforms/esp8266/src/esp_uart.c
  CXX    /mongoose-os/common/util/error_codes.cpp
  CXX    /mongoose-os/common/util/status.cpp
  CC    /mongoose-os/common/platforms/esp8266/esp_crypto.c
  CC    /mongoose-os/common/platforms/esp8266/esp_umm_malloc.c
  CC    /mongoose-os/fw/src/mgos_debug.c
  CC    /mongoose-os/fw/src/mgos_net.c
  CC    /mongoose-os/fw/src/mgos_bitbang.c
  CC    /mongoose-os/fw/platforms/esp8266/src/esp_exc_non_os.c
  AS    /mongoose-os/fw/platforms/esp8266/src/esp_exc_vectors.S -> /fwbuild-volumes/2.10.2/apps/ESP8266MOSBlynk/esp8266/build_contexts/build_ctx_789929979/build/objs/esp_exc_vectors.S.o
  AS    /mongoose-os/fw/platforms/esp8266/src/esp_nsleep100.S -> /fwbuild-volumes/2.10.2/apps/ESP8266MOSBlynk/esp8266/build_contexts/build_ctx_789929979/build/objs/esp_nsleep100.S.o
  CP    /fwbuild-volumes/2.10.2/apps/ESP8266MOSBlynk/esp8266/build_contexts/build_ctx_789929979/build/gen/conf0.json -> /fwbuild-volumes/2.10.2/apps/ESP8266MOSBlynk/esp8266/build_contexts/build_ctx_789929979/build/objs/fs
  CP    /fwbuild-volumes/2.10.2/apps/ESP8266MOSBlynk/esp8266/build_contexts/build_ctx_789929979/libs/ca-bundle/fs/ca.pem -> /fwbuild-volumes/2.10.2/apps/ESP8266MOSBlynk/esp8266/build_contexts/build_ctx_789929979/build/objs/fs
  CP    /fwbuild-volumes/2.10.2/apps/ESP8266MOSBlynk/esp8266/build_contexts/build_ctx_789929979/libs/wifi-setup-web-ui/fs/axios.min.js -> /fwbuild-volumes/2.10.2/apps/ESP8266MOSBlynk/esp8266/build_contexts/build_ctx_789929979/build/objs/fs
  CP    /fwbuild-volumes/2.10.2/apps/ESP8266MOSBlynk/esp8266/build_contexts/build_ctx_789929979/libs/wifi-setup-web-ui/fs/index.html -> /fwbuild-volumes/2.10.2/apps/ESP8266MOSBlynk/esp8266/build_contexts/build_ctx_789929979/build/objs/fs
  MKFS  /usr/local/bin/mkspiffs8 131072 4096 256 4096 /fwbuild-volumes/2.10.2/apps/ESP8266MOSBlynk/esp8266/build_contexts/build_ctx_789929979/build/objs/fs -> /fwbuild-volumes/2.10.2/apps/ESP8266MOSBlynk/esp8266/build_contexts/build_ctx_789929979/build/objs/fw_temp/fs.bin
     FS params: size=131072, bs=4096, ps=256, es=4096
       Adding ca.pem: 25586
       Adding conf0.json: 1359
       Adding index.html: 2980
       Adding axios.min.js: 13638
     FS stats : space total=113201, used=45180, free=68021
  GEN   /fwbuild-volumes/2.10.2/apps/ESP8266MOSBlynk/esp8266/build_contexts/build_ctx_789929979/build/gen/build_info.c
  GEN   /fwbuild-volumes/2.10.2/apps/ESP8266MOSBlynk/esp8266/build_contexts/build_ctx_789929979/build/gen/mg_build_info.c
  AR    /fwbuild-volumes/2.10.2/apps/ESP8266MOSBlynk/esp8266/build_contexts/build_ctx_789929979/build/objs/mongoose-os.a
fatal: not a git repository (or any parent up to mount point /)
Stopping at filesystem boundary (GIT_DISCOVERY_ACROSS_FILESYSTEM not set).
error: object directory /fwbuild-volumes/2.10.2/mongoose-os/.git/objects does not exist; check .git/objects/info/alternates.
fatal: bad object HEAD
  CC    /fwbuild-volumes/2.10.2/apps/ESP8266MOSBlynk/esp8266/build_contexts/build_ctx_789929979/build/gen/build_info.c
  CC    /fwbuild-volumes/2.10.2/apps/ESP8266MOSBlynk/esp8266/build_contexts/build_ctx_789929979/build/gen/mg_build_info.c
  LD    /fwbuild-volumes/2.10.2/apps/ESP8266MOSBlynk/esp8266/build_contexts/build_ctx_789929979/build/objs/ESP8266MOSBlynk.elf
  FW    /fwbuild-volumes/2.10.2/apps/ESP8266MOSBlynk/esp8266/build_contexts/build_ctx_789929979/build/objs/ESP8266MOSBlynk.elf -> /fwbuild-volumes/2.10.2/apps/ESP8266MOSBlynk/esp8266/build_contexts/build_ctx_789929979/build/objs/ESP8266MOSBlynk.bin
  GEN    /fwbuild-volumes/2.10.2/apps/ESP8266MOSBlynk/esp8266/build_contexts/build_ctx_789929979/build/objs/fw_temp/manifest.json
  ZIP    /fwbuild-volumes/2.10.2/apps/ESP8266MOSBlynk/esp8266/build_contexts/build_ctx_789929979/build/fw/ESP8266MOSBlynk-esp8266-last.zip
     Adding /fwbuild-volumes/2.10.2/apps/ESP8266MOSBlynk/esp8266/build_contexts/build_ctx_789929979/build/objs/fw_temp/ESP8266MOSBlynk.bin
     Adding /fwbuild-volumes/2.10.2/apps/ESP8266MOSBlynk/esp8266/build_contexts/build_ctx_789929979/build/objs/fw_temp/esp_init_data_default_v08.bin
     Adding /fwbuild-volumes/2.10.2/apps/ESP8266MOSBlynk/esp8266/build_contexts/build_ctx_789929979/build/objs/fw_temp/fs.bin
     Adding /fwbuild-volumes/2.10.2/apps/ESP8266MOSBlynk/esp8266/build_contexts/build_ctx_789929979/build/objs/fw_temp/rboot.bin
  Built ESP8266MOSBlynk/esp8266 version 1.0 (20190109-131025)
make: Leaving directory '/app'
Success, built ESP8266MOSBlynk/esp8266 version 1.0 (20190109-131025).
Firmware saved to /fwbuild-volumes/2.10.2/apps/ESP8266MOSBlynk/esp8266/build_contexts/build_ctx_789929979/build/fw.zip
